<?xml version="1.0" encoding="UTF-8"?>
<!-- Generated by org.testng.reporters.JUnitXMLReporter -->
<testsuite ignored="0" hostname="DESKTOP-1P19Q6P" failures="0" tests="8" name="Default test" time="48.985" errors="0" timestamp="2024-08-25T08:43:08 IST">
  <testcase classname="com.Runner.SwagLabsRunner" name="LoginTest" time="13.682"/>
  <testcase classname="com.Runner.SwagLabsRunner" name="invalidPassword" time="10.205"/>
  <testcase classname="com.Runner.SwagLabsRunner" name="blanklogin" time="10.6"/>
  <testcase classname="com.Runner.SwagLabsRunner" name="invalidEmail" time="10.143"/>
  <testcase classname="com.Runner.SwagLabsRunner" name="firstProduct" time="0.015"/>
  <testcase classname="com.Runner.SwagLabsRunner" name="secondProduct" time="0.009"/>
  <testcase classname="com.Runner.SwagLabsRunner" name="thirdProduct" time="0.011"/>
  <testcase classname="com.Runner.SwagLabsRunner" name="FourthProduct" time="0.036"/>
</testsuite> <!-- Default test -->
