<?xml version="1.0" encoding="UTF-8"?>
<!-- Generated by org.testng.reporters.JUnitXMLReporter -->
<testsuite ignored="0" hostname="DESKTOP-1P19Q6P" failures="0" tests="8" name="Test" time="47.487" errors="0" timestamp="2024-08-25T08:46:57 IST">
  <testcase classname="com.Runner.SwagLabsRunner" name="LoginTest" time="11.574"/>
  <testcase classname="com.Runner.SwagLabsRunner" name="invalidPassword" time="10.573"/>
  <testcase classname="com.Runner.SwagLabsRunner" name="blanklogin" time="10.586"/>
  <testcase classname="com.Runner.SwagLabsRunner" name="invalidEmail" time="10.187"/>
  <testcase classname="com.Runner.SwagLabsRunner" name="firstProduct" time="0.021"/>
  <testcase classname="com.Runner.SwagLabsRunner" name="secondProduct" time="0.016"/>
  <testcase classname="com.Runner.SwagLabsRunner" name="thirdProduct" time="0.03"/>
  <testcase classname="com.Runner.SwagLabsRunner" name="FourthProduct" time="0.029"/>
</testsuite> <!-- Test -->
