<?xml version="1.0" encoding="UTF-8"?>
<testng-results ignored="0" total="8" passed="8" failed="0" skipped="0">
  <reporter-output>
  </reporter-output>
  <suite started-at="2024-08-25T08:46:10 IST" name="Suite" finished-at="2024-08-25T08:46:57 IST" duration-ms="47487">
    <groups>
    </groups>
    <test started-at="2024-08-25T08:46:10 IST" name="Test" finished-at="2024-08-25T08:46:57 IST" duration-ms="47487">
      <class name="com.Runner.SwagLabsRunner">
        <test-method is-config="true" signature="startTest()[pri:0, instance:com.Runner.SwagLabsRunner@c94fd30]" started-at="2024-08-25T08:46:10 IST" name="startTest" finished-at="2024-08-25T08:46:10 IST" duration-ms="266" status="PASS">
          <reporter-output>
          </reporter-output>
        </test-method> <!-- startTest -->
        <test-method is-config="true" signature="setup()[pri:0, instance:com.Runner.SwagLabsRunner@c94fd30]" started-at="2024-08-25T08:46:10 IST" name="setup" finished-at="2024-08-25T08:46:13 IST" duration-ms="2963" status="PASS">
          <reporter-output>
          </reporter-output>
        </test-method> <!-- setup -->
        <test-method signature="LoginTest()[pri:1, instance:com.Runner.SwagLabsRunner@c94fd30]" started-at="2024-08-25T08:46:13 IST" name="LoginTest" finished-at="2024-08-25T08:46:25 IST" duration-ms="11574" status="PASS">
          <reporter-output>
          </reporter-output>
        </test-method> <!-- LoginTest -->
        <test-method signature="invalidPassword()[pri:2, instance:com.Runner.SwagLabsRunner@c94fd30]" started-at="2024-08-25T08:46:25 IST" name="invalidPassword" finished-at="2024-08-25T08:46:35 IST" duration-ms="10573" status="PASS">
          <reporter-output>
          </reporter-output>
        </test-method> <!-- invalidPassword -->
        <test-method signature="blanklogin()[pri:3, instance:com.Runner.SwagLabsRunner@c94fd30]" started-at="2024-08-25T08:46:35 IST" name="blanklogin" finished-at="2024-08-25T08:46:46 IST" duration-ms="10586" status="PASS">
          <reporter-output>
          </reporter-output>
        </test-method> <!-- blanklogin -->
        <test-method signature="invalidEmail()[pri:4, instance:com.Runner.SwagLabsRunner@c94fd30]" started-at="2024-08-25T08:46:46 IST" name="invalidEmail" finished-at="2024-08-25T08:46:56 IST" duration-ms="10187" status="PASS">
          <reporter-output>
          </reporter-output>
        </test-method> <!-- invalidEmail -->
        <test-method signature="firstProduct()[pri:5, instance:com.Runner.SwagLabsRunner@c94fd30]" started-at="2024-08-25T08:46:57 IST" name="firstProduct" finished-at="2024-08-25T08:46:57 IST" duration-ms="21" status="PASS">
          <reporter-output>
          </reporter-output>
        </test-method> <!-- firstProduct -->
        <test-method signature="secondProduct()[pri:6, instance:com.Runner.SwagLabsRunner@c94fd30]" started-at="2024-08-25T08:46:57 IST" name="secondProduct" finished-at="2024-08-25T08:46:57 IST" duration-ms="16" status="PASS">
          <reporter-output>
          </reporter-output>
        </test-method> <!-- secondProduct -->
        <test-method signature="thirdProduct()[pri:7, instance:com.Runner.SwagLabsRunner@c94fd30]" started-at="2024-08-25T08:46:57 IST" name="thirdProduct" finished-at="2024-08-25T08:46:57 IST" duration-ms="30" status="PASS">
          <reporter-output>
          </reporter-output>
        </test-method> <!-- thirdProduct -->
        <test-method signature="FourthProduct()[pri:8, instance:com.Runner.SwagLabsRunner@c94fd30]" started-at="2024-08-25T08:46:57 IST" name="FourthProduct" finished-at="2024-08-25T08:46:57 IST" duration-ms="29" status="PASS">
          <reporter-output>
          </reporter-output>
        </test-method> <!-- FourthProduct -->
        <test-method is-config="true" signature="close()[pri:0, instance:com.Runner.SwagLabsRunner@c94fd30]" started-at="2024-08-25T08:46:57 IST" name="close" finished-at="2024-08-25T08:46:57 IST" duration-ms="227" status="PASS">
          <reporter-output>
          </reporter-output>
        </test-method> <!-- close -->
        <test-method is-config="true" signature="endTest()[pri:0, instance:com.Runner.SwagLabsRunner@c94fd30]" started-at="2024-08-25T08:46:57 IST" name="endTest" finished-at="2024-08-25T08:46:58 IST" duration-ms="875" status="PASS">
          <reporter-output>
          </reporter-output>
        </test-method> <!-- endTest -->
      </class> <!-- com.Runner.SwagLabsRunner -->
    </test> <!-- Test -->
  </suite> <!-- Suite -->
</testng-results>
